<?xml version="1.0" encoding="UTF-8"?>
<testsuite name="TestCase" tests="1" skipped="0" failures="0" errors="0" timestamp="2016-11-04T02:42:34" hostname="Jareds-MBP.hsd1.co.comcast.net" time="0.002">
  <properties/>
  <testcase name="testComputingTheFirstTenTerms" classname="TestCase" time="0.002"/>
  <system-out><![CDATA[]]></system-out>
  <system-err><![CDATA[]]></system-err>
</testsuite>
